2021-01-31 23:49:38,172 requests_handle.py[line:73] ERROR request请求接口失败
	请求方法为:	post
	请求URL为:	https://service.agent.dexunzhenggu.cn/index.php?site=user&c=login&a=index
	请求Body为:	username=13551833814&password=e10adc3949ba59abbe56e057f20f883e&client_id=05fdec3f-be47-4898-8416-f896c637ad9a&member_id=0&appcode=5c3d73a0f1f18c30cqb5zkov&appId=android&ver=V1.4.2.20050900&serviceversion=v2&vcode=135&fromPage=com.dexun.me.login.activity.LoginActivity
	请求Headers为:	{'Content-Type': 'application/x-www-form-urlencoded; charset=UTF-8'}
	异常信息为:	HTTPSConnectionPool(host='service.agent.dexunzhenggu.cn', port=443): Max retries exceeded with url: /index.php?site=user&c=login&a=index (Caused by ProxyError('Cannot connect to proxy.', ConnectionResetError(54, 'Connection reset by peer')))
2021-01-31 23:54:10,351 requests_handle.py[line:73] ERROR request请求接口失败
	请求方法为:	post
	请求URL为:	https://service.agent.dexunzhenggu.cn/index.php?site=user&c=login&a=index
	请求Body为:	username=13551833814&password=e10adc3949ba59abbe56e057f20f883e&client_id=05fdec3f-be47-4898-8416-f896c637ad9a&member_id=0&appcode=5c6bb51a113c8szji5nb6cur&appId=android&ver=V1.4.2.20050900&serviceversion=v2&vcode=135&fromPage=com.dexun.me.login.activity.LoginActivity
	请求Headers为:	{'Content-Type': 'application/x-www-form-urlencoded; charset=UTF-8'}
	异常信息为:	HTTPSConnectionPool(host='service.agent.dexunzhenggu.cn', port=443): Max retries exceeded with url: /index.php?site=user&c=login&a=index (Caused by ProxyError('Cannot connect to proxy.', ConnectionResetError(54, 'Connection reset by peer')))
2021-01-31 23:54:15,970 requests_handle.py[line:57] ERROR request请求接口失败
	请求方法为:	get
	请求URL为:	http://service.agent.dexunzhenggu.cn/index.php?c=Up&a=isup&v=user&site=love&callback=jQuery311006680368255794455_1594023930410&object_ids=0&member_id=1132419956&key=701f4db2d3abc45f002ece6a60804afc&object_type=10&appcode=5c6bb51a113c8szji5nb6cur&serviceversion=v2&_=1594023930420
	异常信息为:	HTTPConnectionPool(host='127.0.0.1', port=7890): Max retries exceeded with url: http://service.agent.dexunzhenggu.cn/index.php?c=Up&a=isup&v=user&site=love&callback=jQuery311006680368255794455_1594023930410&object_ids=0&member_id=1132419956&key=701f4db2d3abc45f002ece6a60804afc&object_type=10&appcode=5c6bb51a113c8szji5nb6cur&serviceversion=v2&_=1594023930420 (Caused by ProxyError('Cannot connect to proxy.', RemoteDisconnected('Remote end closed connection without response')))
2021-01-31 23:57:57,337 requests_handle.py[line:73] ERROR request请求接口失败
	请求方法为:	post
	请求URL为:	https://service.agent.dexunzhenggu.cn/index.php?site=stockdoctor&c=Teacher&a=getteacher
	请求Body为:	client_id=05fdec3f-be47-4898-8416-f896c637ad9a&member_id=0&appcode=5c3d73a0f1f18c30cqb5zkov&appId=android&ver=V1.4.2.20050900&serviceversion=v2&vcode=135&fromPage=com.dexun.dxzqgw.MainActivity
	请求Headers为:	{'Content-Type': 'application/x-www-form-urlencoded; charset=UTF-8'}
	异常信息为:	HTTPSConnectionPool(host='service.agent.dexunzhenggu.cn', port=443): Max retries exceeded with url: /index.php?site=stockdoctor&c=Teacher&a=getteacher (Caused by ProxyError('Cannot connect to proxy.', ConnectionResetError(54, 'Connection reset by peer')))
2021-01-31 23:58:02,695 requests_handle.py[line:73] ERROR request请求接口失败
	请求方法为:	post
	请求URL为:	https://service.agent.dexunzhenggu.cn/index.php?site=user&c=login&a=index
	请求Body为:	username=13551833814&password=e10adc3949ba59abbe56e057f20f883e&client_id=05fdec3f-be47-4898-8416-f896c637ad9a&member_id=0&appcode=5c6bb51a113c8szji5nb6cur&appId=android&ver=V1.4.2.20050900&serviceversion=v2&vcode=135&fromPage=com.dexun.me.login.activity.LoginActivity
	请求Headers为:	{'Content-Type': 'application/x-www-form-urlencoded; charset=UTF-8'}
	异常信息为:	HTTPSConnectionPool(host='service.agent.dexunzhenggu.cn', port=443): Max retries exceeded with url: /index.php?site=user&c=login&a=index (Caused by ProxyError('Cannot connect to proxy.', ConnectionResetError(54, 'Connection reset by peer')))
2021-02-01 00:05:42,497 requests_handle.py[line:73] ERROR request请求接口失败
	请求方法为:	post
	请求URL为:	https://service.agent.dexunzhenggu.cn/index.php?site=stockdoctor&c=Teacher&a=getteacher
	请求Body为:	client_id=05fdec3f-be47-4898-8416-f896c637ad9a&member_id=0&appcode=5c3d73a0f1f18c30cqb5zkov&appId=android&ver=V1.4.2.20050900&serviceversion=v2&vcode=135&fromPage=com.dexun.dxzqgw.MainActivity
	请求Headers为:	{'Content-Type': 'application/x-www-form-urlencoded; charset=UTF-8'}
	异常信息为:	HTTPSConnectionPool(host='service.agent.dexunzhenggu.cn', port=443): Max retries exceeded with url: /index.php?site=stockdoctor&c=Teacher&a=getteacher (Caused by ProxyError('Cannot connect to proxy.', ConnectionResetError(54, 'Connection reset by peer')))
2021-02-01 00:05:49,403 requests_handle.py[line:73] ERROR request请求接口失败
	请求方法为:	post
	请求URL为:	https://service.agent.dexunzhenggu.cn/index.php?site=user&c=login&a=index
	请求Body为:	username=17313150604&password=e10adc3949ba59abbe56e057f20f883e&client_id=05fdec3f-be47-4898-8416-f896c637ad9a&member_id=0&appcode=5c6bb51a113c8szji5nb6cur&appId=android&ver=V1.4.2.20050900&serviceversion=v2&vcode=135&fromPage=com.dexun.me.login.activity.LoginActivity
	请求Headers为:	{'Content-Type': 'application/x-www-form-urlencoded; charset=UTF-8'}
	异常信息为:	HTTPSConnectionPool(host='service.agent.dexunzhenggu.cn', port=443): Max retries exceeded with url: /index.php?site=user&c=login&a=index (Caused by ProxyError('Cannot connect to proxy.', ConnectionResetError(54, 'Connection reset by peer')))
2021-02-01 00:07:30,647 requests_handle.py[line:57] ERROR request请求接口失败
	请求方法为:	get
	请求URL为:	http://service.agent.dexunzhenggu.cn/index.php?c=Up&a=isup&v=user&site=love&callback=jQuery311006680368255794455_1594023930410&object_ids=0&member_id=1132419956&key=701f4db2d3abc45f002ece6a60804afc&object_type=10&appcode=5c6bb51a113c8szji5nb6cur&serviceversion=v2&_=1594023930420
	异常信息为:	HTTPConnectionPool(host='127.0.0.1', port=7890): Max retries exceeded with url: http://service.agent.dexunzhenggu.cn/index.php?c=Up&a=isup&v=user&site=love&callback=jQuery311006680368255794455_1594023930410&object_ids=0&member_id=1132419956&key=701f4db2d3abc45f002ece6a60804afc&object_type=10&appcode=5c6bb51a113c8szji5nb6cur&serviceversion=v2&_=1594023930420 (Caused by ProxyError('Cannot connect to proxy.', RemoteDisconnected('Remote end closed connection without response')))
2021-02-01 00:07:36,205 requests_handle.py[line:73] ERROR request请求接口失败
	请求方法为:	post
	请求URL为:	https://service.agent.dexunzhenggu.cn/index.php?site=user&c=login&a=index
	请求Body为:	username=13551833814&password=e10adc3949ba59abbe56e057f20f883e&client_id=05fdec3f-be47-4898-8416-f896c637ad9a&member_id=0&appcode=5c6bb51a113c8szji5nb6cur&appId=android&ver=V1.4.2.20050900&serviceversion=v2&vcode=135&fromPage=com.dexun.me.login.activity.LoginActivity
	请求Headers为:	{'Content-Type': 'application/x-www-form-urlencoded; charset=UTF-8'}
	异常信息为:	HTTPSConnectionPool(host='service.agent.dexunzhenggu.cn', port=443): Max retries exceeded with url: /index.php?site=user&c=login&a=index (Caused by ProxyError('Cannot connect to proxy.', ConnectionResetError(54, 'Connection reset by peer')))
2021-02-01 00:07:59,904 requests_handle.py[line:57] ERROR request请求接口失败
	请求方法为:	get
	请求URL为:	http://service.agent.dexunzhenggu.cn/index.php?c=Up&a=isup&v=user&site=love&callback=jQuery311006680368255794455_1594023930410&object_ids=0&member_id=1132419956&key=701f4db2d3abc45f002ece6a60804afc&object_type=10&appcode=5c6bb51a113c8szji5nb6cur&serviceversion=v2&_=1594023930420
	异常信息为:	HTTPConnectionPool(host='127.0.0.1', port=7890): Max retries exceeded with url: http://service.agent.dexunzhenggu.cn/index.php?c=Up&a=isup&v=user&site=love&callback=jQuery311006680368255794455_1594023930410&object_ids=0&member_id=1132419956&key=701f4db2d3abc45f002ece6a60804afc&object_type=10&appcode=5c6bb51a113c8szji5nb6cur&serviceversion=v2&_=1594023930420 (Caused by ProxyError('Cannot connect to proxy.', RemoteDisconnected('Remote end closed connection without response')))
2021-02-01 00:10:40,656 requests_handle.py[line:73] ERROR request请求接口失败
	请求方法为:	post
	请求URL为:	https://service.agent.dexunzhenggu.cn/index.php?site=stockdoctor&c=Teacher&a=getteacher
	请求Body为:	client_id=05fdec3f-be47-4898-8416-f896c637ad9a&member_id=0&appcode=5c3d73a0f1f18c30cqb5zkov&appId=android&ver=V1.4.2.20050900&serviceversion=v2&vcode=135&fromPage=com.dexun.dxzqgw.MainActivity
	请求Headers为:	{'Content-Type': 'application/x-www-form-urlencoded; charset=UTF-8'}
	异常信息为:	HTTPSConnectionPool(host='service.agent.dexunzhenggu.cn', port=443): Max retries exceeded with url: /index.php?site=stockdoctor&c=Teacher&a=getteacher (Caused by ProxyError('Cannot connect to proxy.', ConnectionResetError(54, 'Connection reset by peer')))
2021-02-01 00:10:45,738 requests_handle.py[line:73] ERROR request请求接口失败
	请求方法为:	post
	请求URL为:	https://service.agent.dexunzhenggu.cn/index.php?site=user&c=login&a=index
	请求Body为:	username=13551833814&password=e10adc3949ba59abbe56e057f20f883e&client_id=05fdec3f-be47-4898-8416-f896c637ad9a&member_id=0&appcode=5c6bb51a113c8szji5nb6cur&appId=android&ver=V1.4.2.20050900&serviceversion=v2&vcode=135&fromPage=com.dexun.me.login.activity.LoginActivity
	请求Headers为:	{'Content-Type': 'application/x-www-form-urlencoded; charset=UTF-8'}
	异常信息为:	HTTPSConnectionPool(host='service.agent.dexunzhenggu.cn', port=443): Max retries exceeded with url: /index.php?site=user&c=login&a=index (Caused by ProxyError('Cannot connect to proxy.', ConnectionResetError(54, 'Connection reset by peer')))
2021-02-01 00:21:37,004 requests_handle.py[line:57] ERROR request请求接口失败
	请求方法为:	get
	请求URL为:	http://service.agent.dexunzhenggu.cn/index.php?c=Help&a=shwodetail&site=stockdoctor&v=app&callback=jQuery3110948841668193237_1594020476479&member_id=22&key=1cb2cfe48ae6fb9497b58a26b4ac7c45&help_id=29939&isfirst=2&appcode=5ca4baf2937f40jyu4z42862&serviceversion=v2&_=1594020476480
	异常信息为:	HTTPConnectionPool(host='127.0.0.1', port=7890): Max retries exceeded with url: http://service.agent.dexunzhenggu.cn/index.php?c=Help&a=shwodetail&site=stockdoctor&v=app&callback=jQuery3110948841668193237_1594020476479&member_id=22&key=1cb2cfe48ae6fb9497b58a26b4ac7c45&help_id=29939&isfirst=2&appcode=5ca4baf2937f40jyu4z42862&serviceversion=v2&_=1594020476480 (Caused by ProxyError('Cannot connect to proxy.', RemoteDisconnected('Remote end closed connection without response')))
2021-02-01 00:21:42,088 requests_handle.py[line:73] ERROR request请求接口失败
	请求方法为:	post
	请求URL为:	https://service.agent.dexunzhenggu.cn/index.php?site=user&c=login&a=index
	请求Body为:	username=17313150604&password=e10adc3949ba59abbe56e057f20f883e&client_id=05fdec3f-be47-4898-8416-f896c637ad9a&member_id=0&appcode=5ca4baf2937f40jyu4z42862&appId=android&ver=V1.4.2.20050900&serviceversion=v2&vcode=135&fromPage=com.dexun.me.login.activity.LoginActivity
	请求Headers为:	{'Content-Type': 'application/x-www-form-urlencoded; charset=UTF-8'}
	异常信息为:	HTTPSConnectionPool(host='service.agent.dexunzhenggu.cn', port=443): Max retries exceeded with url: /index.php?site=user&c=login&a=index (Caused by ProxyError('Cannot connect to proxy.', ConnectionResetError(54, 'Connection reset by peer')))
2021-02-01 00:21:47,462 requests_handle.py[line:57] ERROR request请求接口失败
	请求方法为:	get
	请求URL为:	http://service.agent.dexunzhenggu.cn/index.php?c=Up&a=addup&v=user&site=love&callback=jQuery311006680368255794455_1594023930410&object_id=29939&member_id=22&key=1cb2cfe48ae6fb9497b58a26b4ac7c45&object_type=10&appcode=5ca4baf2937f40jyu4z42862&serviceversion=v2&_=1594023930421
	异常信息为:	HTTPConnectionPool(host='127.0.0.1', port=7890): Max retries exceeded with url: http://service.agent.dexunzhenggu.cn/index.php?c=Up&a=addup&v=user&site=love&callback=jQuery311006680368255794455_1594023930410&object_id=29939&member_id=22&key=1cb2cfe48ae6fb9497b58a26b4ac7c45&object_type=10&appcode=5ca4baf2937f40jyu4z42862&serviceversion=v2&_=1594023930421 (Caused by ProxyError('Cannot connect to proxy.', RemoteDisconnected('Remote end closed connection without response')))
